2025-01-05 12:26:23,288 - INFO - Working directory set to: /Users/DanielCheung/Documents/GitHub/csv_etl_pipeline (Running in IDE)
2025-01-05 12:26:23,290 - INFO - Pipeline started...
2025-01-05 12:26:23,291 - INFO - Extract Data started...
2025-01-05 12:26:24,630 - INFO - Validating people_1
2025-01-05 12:26:24,631 - INFO - SUCCESS: Variable names align between config and dataframe.
2025-01-05 12:26:24,633 - WARNING - Please check that the correct types are consistent in both the table and the config.
2025-01-05 12:26:24,634 - INFO - SUCCESS: Number of variables matches: 9.
2025-01-05 12:26:24,751 - INFO - Validating people_2
2025-01-05 12:26:24,752 - INFO - SUCCESS: Variable names align between config and dataframe.
2025-01-05 12:26:24,754 - WARNING - Please check that the correct types are consistent in both the table and the config.
2025-01-05 12:26:24,755 - INFO - SUCCESS: Number of variables matches: 9.
2025-01-05 12:26:24,805 - INFO - Validating people_3
2025-01-05 12:26:24,806 - INFO - SUCCESS: Variable names align between config and dataframe.
2025-01-05 12:26:24,808 - WARNING - Please check that the correct types are consistent in both the table and the config.
2025-01-05 12:26:24,809 - INFO - SUCCESS: Number of variables matches: 9.
2025-01-05 12:26:24,855 - INFO - Extract Data completed successfully.
2025-01-05 12:26:24,857 - INFO - Clean Data started...
2025-01-05 12:26:25,073 - INFO - Clean Data completed successfully.
2025-01-05 12:26:25,075 - INFO - Process Data started...
2025-01-05 12:26:25,177 - INFO - Process Data completed successfully.
2025-01-05 12:26:25,179 - INFO - Data Metrics started...
2025-01-05 12:26:25,234 - INFO - Generating charts for people_1
2025-01-05 12:26:27,817 - INFO - Generating charts for people_2
2025-01-05 12:26:30,179 - INFO - Generating charts for people_3
2025-01-05 12:26:32,781 - INFO - Data Metrics completed successfully.
2025-01-05 12:26:32,784 - INFO - Output Results started...
2025-01-05 12:26:32,903 - INFO - Output Results completed successfully.
2025-01-05 12:26:32,904 - INFO - Pipeline completed.
