2025-01-05 19:20:40,256 - INFO - Working directory set to: /Users/DanielCheung/Documents/GitHub/csv_etl_pipeline (Running in IDE)
2025-01-05 19:20:40,265 - INFO - Pipeline started...
2025-01-05 19:20:40,266 - INFO - Extract Data started...
2025-01-05 19:20:41,548 - INFO - Validating people_1
2025-01-05 19:20:41,550 - INFO - SUCCESS: Variable names align between config and dataframe.
2025-01-05 19:20:41,551 - WARNING - Please check that the correct types are consistent in both the table and the config.
2025-01-05 19:20:41,552 - INFO - SUCCESS: Number of variables matches: 9.
2025-01-05 19:20:41,666 - INFO - Validating people_2
2025-01-05 19:20:41,667 - INFO - SUCCESS: Variable names align between config and dataframe.
2025-01-05 19:20:41,669 - WARNING - Please check that the correct types are consistent in both the table and the config.
2025-01-05 19:20:41,670 - INFO - SUCCESS: Number of variables matches: 9.
2025-01-05 19:20:41,734 - INFO - Validating people_3
2025-01-05 19:20:41,736 - INFO - SUCCESS: Variable names align between config and dataframe.
2025-01-05 19:20:41,737 - WARNING - Please check that the correct types are consistent in both the table and the config.
2025-01-05 19:20:41,737 - INFO - SUCCESS: Number of variables matches: 9.
2025-01-05 19:20:41,763 - INFO - Extract Data completed successfully.
2025-01-05 19:20:41,765 - INFO - Clean Data started...
2025-01-05 19:20:41,981 - INFO - Clean Data completed successfully.
2025-01-05 19:20:41,985 - INFO - Process Data started...
2025-01-05 19:20:42,090 - INFO - Process Data completed successfully.
2025-01-05 19:20:42,091 - INFO - Data Metrics started...
2025-01-05 19:20:42,128 - INFO - Generating charts for people_1
2025-01-05 19:20:44,710 - INFO - Generating charts for people_2
2025-01-05 19:20:47,708 - INFO - Generating charts for people_3
2025-01-05 19:20:51,081 - INFO - Data Metrics completed successfully.
2025-01-05 19:20:51,084 - INFO - Output Results started...
2025-01-05 19:20:51,242 - INFO - Output Results completed successfully.
2025-01-05 19:20:51,243 - INFO - Pipeline completed.
