2025-01-04 19:52:49,986 - INFO - Pipeline started...
2025-01-04 19:52:49,987 - INFO - Extract Data started...
2025-01-04 19:52:51,668 - INFO - Validating people_1
2025-01-04 19:52:51,669 - INFO - SUCCESS: Variable names align between config and dataframe.
2025-01-04 19:52:51,670 - WARNING - Please check that the correct types are consistent in both the table and the config.
2025-01-04 19:52:51,671 - INFO - SUCCESS: Number of variables matches: 9.
2025-01-04 19:52:51,773 - INFO - Validating people_2
2025-01-04 19:52:51,774 - INFO - SUCCESS: Variable names align between config and dataframe.
2025-01-04 19:52:51,776 - WARNING - Please check that the correct types are consistent in both the table and the config.
2025-01-04 19:52:51,777 - INFO - SUCCESS: Number of variables matches: 9.
2025-01-04 19:52:51,859 - INFO - Validating people_3
2025-01-04 19:52:51,860 - INFO - SUCCESS: Variable names align between config and dataframe.
2025-01-04 19:52:51,862 - WARNING - Please check that the correct types are consistent in both the table and the config.
2025-01-04 19:52:51,864 - INFO - SUCCESS: Number of variables matches: 9.
2025-01-04 19:52:51,939 - INFO - Extract Data completed successfully.
2025-01-04 19:52:51,948 - INFO - Clean Data started...
2025-01-04 19:52:52,229 - INFO - Clean Data completed successfully.
2025-01-04 19:52:52,232 - INFO - Process Data started...
2025-01-04 19:52:52,327 - INFO - Process Data completed successfully.
2025-01-04 19:52:52,328 - INFO - Data Metrics started...
2025-01-04 19:53:00,636 - INFO - Data Metrics completed successfully.
2025-01-04 19:53:00,638 - INFO - Output Results started...
2025-01-04 19:53:00,767 - INFO - Output Results completed successfully.
2025-01-04 19:53:00,769 - INFO - Pipeline completed.
